<?xml version="1.0" encoding="UTF-8"?>
<testng-results ignored="0" total="1" passed="1" failed="0" skipped="0">
  <reporter-output>
  </reporter-output>
  <suite started-at="2025-03-07T12:29:03 IST" name="Default suite" finished-at="2025-03-07T12:29:03 IST" duration-ms="71">
    <groups>
    </groups>
    <test started-at="2025-03-07T12:29:03 IST" name="Default test" finished-at="2025-03-07T12:29:03 IST" duration-ms="71">
      <class name="arithmeticPrograms.FibonacciSeries">
        <test-method signature="Test()[pri:0, instance:arithmeticPrograms.FibonacciSeries@47d9a273]" started-at="2025-03-07T12:29:03 IST" name="Test" finished-at="2025-03-07T12:29:03 IST" duration-ms="9" status="PASS">
          <reporter-output>
          </reporter-output>
        </test-method> <!-- Test -->
      </class> <!-- arithmeticPrograms.FibonacciSeries -->
    </test> <!-- Default test -->
  </suite> <!-- Default suite -->
</testng-results>
