<?xml version="1.0" encoding="UTF-8"?>
<testng-results ignored="0" total="1" passed="1" failed="0" skipped="0">
  <reporter-output>
  </reporter-output>
  <suite started-at="2025-03-03T17:34:23 IST" name="Default suite" finished-at="2025-03-03T17:34:23 IST" duration-ms="63">
    <groups>
    </groups>
    <test started-at="2025-03-03T17:34:23 IST" name="Default test" finished-at="2025-03-03T17:34:23 IST" duration-ms="63">
      <class name="arithmeticPrograms.LeftAngleTriangle">
        <test-method signature="Test()[pri:0, instance:arithmeticPrograms.LeftAngleTriangle@47d9a273]" started-at="2025-03-03T17:34:23 IST" name="Test" finished-at="2025-03-03T17:34:23 IST" duration-ms="11" status="PASS">
          <reporter-output>
          </reporter-output>
        </test-method> <!-- Test -->
      </class> <!-- arithmeticPrograms.LeftAngleTriangle -->
    </test> <!-- Default test -->
  </suite> <!-- Default suite -->
</testng-results>
